<?xml version="1.0" encoding="UTF-8"?>
<!-- Generated by org.testng.reporters.JUnitReportReporter -->
<testsuite hostname="USHYDSUDPATRO9" failures="0" tests="1" name="com.learnautomation.testcases.LogintestCRM" time="7.580" errors="0" timestamp="08 Feb 2021 10:55:05 GMT" skipped="0">
  <testcase classname="com.learnautomation.testcases.LogintestCRM" name="loginApp" time="7.580"/>
</testsuite> <!-- com.learnautomation.testcases.LogintestCRM -->
